proguard-project.txt
# To enable ProGuard in your project, edit project.properties
# to define the proguard.config property as described in that file.
#
# Add project specific ProGuard rules here.
# By default, the flags in this file are appended to flags specified
# in ${sdk.dir}/tools/proguard/proguard-android.txt
# You can edit the include path and order by changing the ProGuard
# include property in project.properties.
#
# For more details, see
#   http://developer.android.com/guide/developing/tools/proguard.html

# Add any project specific keep options here:

# If your project uses WebView with JS, uncomment the following
# and specify the fully qualified class name to the JavaScript interface
# class:
#-keepclassmembers class fqcn.of.javascript.interface.for.webview {
#   public *;
#}

-ignorewarnings
-libraryjars libs/weibo.sdk.android.sso.jar 

#sina
-keep public class android.webkit.** { public *; }
-keep public class com.weibo.net.** { public *; }

#umeng
-keepclassmembers class * {
   public <init>(org.json.JSONObject);
}
-keep public class magic.yuyong.R$*{
    public static final int *;
}



-dump class_files.txt 
-printseeds seeds.txt 
-printusage unused.txt 
-printmapping mapping.txt 

-keep class com.aviary.android.feather.headless.AviaryEffect
-keep class it.sephiroth.android.library.media.ExifInterfaceExtended
-keep class com.aviary.android.feather.headless.moa.Moa
-keep class com.aviary.android.feather.headless.moa.MoaResult
-keep class com.aviary.android.feather.headless.moa.MoaHD
-keep class com.aviary.android.feather.headless.filters.NativeFilterProxy
-keep class com.aviary.android.feather.headless.utils.CameraUtils
-keep class com.aviary.android.feather.headless.gl.GLUtils

-keep class com.aviary.android.feather.opengl.AviaryGLSurfaceView
-keep class com.aviary.android.feather.widget.ScrollerRunnable
-keep class com.aviary.android.feather.library.services.BaseContextService
-keep class it.sephiroth.android.library.imagezoom.easing.Easing
-keep class com.aviary.android.feather.library.external.tracking.TrackerFactory
-keep class com.aviary.android.feather.library.tracking.AbstractTracker

-keep interface com.aviary.android.feather.library.services.IAviaryController
-keep interface com.aviary.android.feather.headless.filters.IFilter
-keep interface com.aviary.android.feather.widget.ScrollerRunnable$ScrollableView

-keep class * extends com.aviary.android.feather.library.tracking.AbstractTracker
-keep class * extends com.aviary.android.feather.headless.filters.IFilter
-keep class * extends com.aviary.android.feather.headless.filters.INativeFilter
-keep class * implements com.aviary.android.feather.library.services.IAviaryController
-keep class * extends com.aviary.android.feather.library.services.BaseContextService
-keep class * implements com.aviary.android.feather.widget.ScrollerRunnable$ScrollableView { *; }
-keep class * implements java.lang.Runnable

-keep class it.sephiroth.android.library.imagezoom.ImageViewTouchBase
-keep class * extends it.sephiroth.android.library.imagezoom.ImageViewTouchBase

-keepclasseswithmembers class * {
	protected <init>( com.aviary.android.feather.library.services.BaseContextService );
}

-keepclasseswithmembers class * {
	public <init>( com.aviary.android.feather.library.services.IAviaryController );
}

-keepclassmembers class com.aviary.android.feather.library.tracking.AbstractTracker { *; }

-keepclassmembers interface it.sephiroth.android.library.imagezoom.easing.Easing { *; }

-keepclassmembers class com.aviary.android.feather.library.external.tracking.TrackerFactory { *; }

-keepclassmembers class * implements it.sephiroth.android.library.imagezoom.easing.Easing { *; }

# This class should not be obfuscated at all
-keepclassmembers class com.aviary.android.feather.headless.moa.MoaResult {
	public java.lang.String inputString;
	public android.graphics.Bitmap inputBitmap;
	public java.lang.String outputString;
	public android.graphics.Bitmap outputBitmap;
	public volatile int active;
	public void cancel();
	public synchronized void execute();
}

# Keep all classes with a native method

-keepclassmembers class * {
   public static native <methods>;
   private static native <methods>;
   static native <methods>;
   private native <methods>;
   native <methods>;
}