proguard/seeds.txt
magic.yuyong.R$anim: int activity_close_enter
magic.yuyong.R$anim: int activity_close_exit
magic.yuyong.R$anim: int activity_open_enter
magic.yuyong.R$anim: int activity_open_exit
magic.yuyong.R$anim: int aviary_bottobar_in_animation
magic.yuyong.R$anim: int aviary_bottobar_out_animation
magic.yuyong.R$anim: int aviary_iap_close_animation
magic.yuyong.R$anim: int aviary_iap_layout_animation
magic.yuyong.R$anim: int aviary_push_up_in
magic.yuyong.R$anim: int aviary_push_up_out
magic.yuyong.R$anim: int aviary_slide_in_top
magic.yuyong.R$anim: int aviary_toast_exit
magic.yuyong.R$anim: int layout_bottom_to_top_slide
magic.yuyong.R$anim: int slide_right
magic.yuyong.R$array: int aviary_crop_labels
magic.yuyong.R$array: int aviary_crop_values
magic.yuyong.R$array: int aviary_draw_brush_sizes
magic.yuyong.R$array: int aviary_draw_fill_colors
magic.yuyong.R$array: int aviary_spot_brush_sizes
magic.yuyong.R$array: int aviary_text_fill_colors
magic.yuyong.R$array: int borders_list
magic.yuyong.R$array: int time_line_navigation
magic.yuyong.R$array: int type_name
magic.yuyong.R$attr: int aviaryAdjustDividerWeight
magic.yuyong.R$attr: int aviaryAdjustImageViewStyle
magic.yuyong.R$attr: int aviaryAdjustItemWeight
magic.yuyong.R$attr: int aviaryAdjustOptionPanelToggleButtonStyle
magic.yuyong.R$attr: int aviaryAdjustOptionPanelToggleCenterButtonStyle
magic.yuyong.R$attr: int aviaryAdjustOptionPanelToggleLeftButtonStyle
magic.yuyong.R$attr: int aviaryAdjustOptionPanelToggleRightButtonStyle
magic.yuyong.R$attr: int aviaryBackgroundColor
magic.yuyong.R$attr: int aviaryBottomBarHeight
magic.yuyong.R$attr: int aviaryBottomBarHorizontalViewStyle
magic.yuyong.R$attr: int aviaryBottomBarLogoContainerStyle
magic.yuyong.R$attr: int aviaryBottomBarLogoImageStyle
magic.yuyong.R$attr: int aviaryBottomBarOptionPanelContainerStyle
magic.yuyong.R$attr: int aviaryBottomBarOptionPanelContainerStyleNoMargin
magic.yuyong.R$attr: int aviaryBottomBarOptionPanelStyle
magic.yuyong.R$attr: int aviaryBottomBarToolFeedBackStyle
magic.yuyong.R$attr: int aviaryBottomBarToolImageStyle
magic.yuyong.R$attr: int aviaryBottomBarToolStyle
magic.yuyong.R$attr: int aviaryBottomBarToolTextStyle
magic.yuyong.R$attr: int aviaryBottomBarViewFlipperStyle
magic.yuyong.R$attr: int aviaryColorSplashOptionPanelToggleButtonStyle
magic.yuyong.R$attr: int aviaryColorSplashOptionPanelToggleLeftButtonStyle
magic.yuyong.R$attr: int aviaryColorSplashOptionPanelToggleRightButtonStyle
magic.yuyong.R$attr: int aviaryCropHighlightStyle
magic.yuyong.R$attr: int aviaryCropImageViewStyle
magic.yuyong.R$bool: int default_circle_indicator_centered
magic.yuyong.R$bool: int default_circle_indicator_snap
magic.yuyong.R$bool: int default_line_indicator_centered
magic.yuyong.R$bool: int default_title_indicator_selected_bold
magic.yuyong.R$bool: int default_underline_indicator_fades
...
com.aviary.android.feather.widget.AviaryWorkspace
com.aviary.android.feather.widget.AviaryWorkspace: void setOnPageChangeListener(com.aviary.android.feather.widget.AviaryWorkspace$OnPageChangeListener)
com.aviary.android.feather.widget.AviaryWorkspace: AviaryWorkspace(android.content.Context,android.util.AttributeSet)
com.aviary.android.feather.widget.AviaryWorkspace: AviaryWorkspace(android.content.Context,android.util.AttributeSet,int)
com.aviary.android.feather.widget.AviaryWorkspace: void setOverScroll(int)
com.aviary.android.feather.widget.AviaryWorkspace: int getOverScroll()
com.aviary.android.feather.widget.AviaryWorkspace: void setAllowChildSelection(boolean)
com.aviary.android.feather.widget.AviaryWorkspace: android.widget.Adapter getAdapter()
com.aviary.android.feather.widget.AviaryWorkspace: void setAdapter(android.widget.Adapter)
com.aviary.android.feather.widget.AviaryWorkspace: int getCurrentScreen()
com.aviary.android.feather.widget.AviaryWorkspace: int getTotalPages()
com.aviary.android.feather.widget.AviaryWorkspace: void setCurrentScreen(int)
com.aviary.android.feather.widget.AviaryWorkspace: int getTotalWidth()
com.aviary.android.feather.widget.AviaryWorkspace: void setNextSelectedPositionInt(int)
com.aviary.android.feather.widget.AviaryWorkspace: void setSelectedPositionInt(int)
com.aviary.android.feather.widget.AviaryWorkspace: void setEnabled(boolean)
com.aviary.android.feather.widget.AviaryWorkspace: void setCacheEnabled(boolean)
com.aviary.android.feather.widget.AviaryWorkspace$1
com.aviary.android.feather.widget.AviaryWorkspace$2
com.aviary.android.feather.widget.AviaryWorkspace$SavedState
com.aviary.android.feather.widget.AviaryWorkspace$SavedState: android.os.Parcelable$Creator CREATOR
com.aviary.android.feather.widget.AviaryWorkspaceIndicator
com.aviary.android.feather.widget.AviaryWorkspaceIndicator: AviaryWorkspaceIndicator(android.content.Context,android.util.AttributeSet)
com.aviary.android.feather.widget.CellLayout
com.aviary.android.feather.widget.CellLayout: CellLayout(android.content.Context)
com.aviary.android.feather.widget.CellLayout: CellLayout(android.content.Context,android.util.AttributeSet)
com.aviary.android.feather.widget.CellLayout: CellLayout(android.content.Context,android.util.AttributeSet,int)
com.aviary.android.feather.widget.CellLayout: void setNumCols(int)
com.aviary.android.feather.widget.CellLayout: void setNumRows(int)
com.aviary.android.feather.widget.CellLayout: int getCountX()
com.aviary.android.feather.widget.CellLayout: int getCountY()
com.aviary.android.feather.widget.CellLayout: int getCellWidth()
com.aviary.android.feather.widget.CellLayout: int getCellHeight()
com.aviary.android.feather.widget.CellLayout: int getLeftPadding()
com.aviary.android.feather.widget.CellLayout: int getTopPadding()
com.aviary.android.feather.widget.CellLayout: int getRightPadding()
com.aviary.android.feather.widget.CellLayout: int getBottomPadding()
com.aviary.android.feather.widget.CellLayout: void setChildrenDrawingCacheEnabled(boolean)
com.aviary.android.feather.widget.CellLayout: void setChildrenDrawnWithCacheEnabled(boolean)
com.aviary.android.feather.widget.CellLayout: void setEnabled(boolean)