proguard/mapping.txt
magic.yuyong.R -> magic.yuyong.a:
magic.yuyong.R$styleable -> magic.yuyong.b:
    int[] AsyncImageView -> AsyncImageView
    int AsyncImageView_defaultSrc -> AsyncImageView_defaultSrc
    int AsyncImageView_inDensity -> AsyncImageView_inDensity
    int AsyncImageView_url -> AsyncImageView_url
    int[] AviaryAdjustImageView -> AviaryAdjustImageView
    int AviaryAdjustImageView_android_padding -> AviaryAdjustImageView_android_padding
    int AviaryAdjustImageView_aviary_animationDuration -> AviaryAdjustImageView_aviary_animationDuration
    int AviaryAdjustImageView_aviary_animationDuration2 -> AviaryAdjustImageView_aviary_animationDuration2
    int AviaryAdjustImageView_aviary_color1 -> AviaryAdjustImageView_aviary_color1
    int AviaryAdjustImageView_aviary_enable3d -> AviaryAdjustImageView_aviary_enable3d
    int AviaryAdjustImageView_aviary_freeRotate -> AviaryAdjustImageView_aviary_freeRotate
    int AviaryAdjustImageView_aviary_handle -> AviaryAdjustImageView_aviary_handle
    int AviaryAdjustImageView_aviary_strokeColor -> AviaryAdjustImageView_aviary_strokeColor
    int AviaryAdjustImageView_aviary_strokeColor2 -> AviaryAdjustImageView_aviary_strokeColor2
    int AviaryAdjustImageView_aviary_strokeWidth -> AviaryAdjustImageView_aviary_strokeWidth
    int AviaryAdjustImageView_aviary_strokeWidth2 -> AviaryAdjustImageView_aviary_strokeWidth2
    int[] AviaryCellLayout -> AviaryCellLayout
    int AviaryCellLayout_aviary_cellBottomPadding -> AviaryCellLayout_aviary_cellBottomPadding
magic.yuyong.activity.AboutActivity -> magic.yuyong.activity.AboutActivity:
    void onCreate(android.os.Bundle) -> onCreate
    boolean onOptionsItemSelected(android.view.MenuItem) -> onOptionsItemSelected
magic.yuyong.activity.BaseActivity -> magic.yuyong.activity.a:
    android.view.Menu mOptionsMenu -> a
    android.app.ActionBar actionBar -> b
    void onPause() -> onPause
    void onResume() -> onResume
    void onCreate(android.os.Bundle) -> onCreate
    void hideBottomBar() -> b
    boolean onCreateOptionsMenu(android.view.Menu) -> onCreateOptionsMenu
magic.yuyong.activity.GetFriendsActivity -> magic.yuyong.activity.GetFriendsActivity:
    android.widget.ListView friendsList -> d
    android.widget.ListView searchList -> e
    android.view.View friends_footer -> f
    android.view.View search_footer -> g
    java.util.List friends -> h
    java.util.List search_friends -> i
    magic.yuyong.adapter.GetFriendsAdapter friendsAdapter -> j
    magic.yuyong.adapter.AtFriendsAdapter searchAdapter -> k
    magic.yuyong.request.RequestState friendsState -> l
    magic.yuyong.request.RequestState searchState -> m
    android.os.Handler mHandler -> n
    android.widget.SearchView searchView -> c
    void onCreate(android.os.Bundle) -> onCreate
    void search(java.lang.String) -> a
    void getFriends(boolean) -> a
    java.lang.String createAtString() -> a
    void setFooterView() -> c
    boolean onCreateOptionsMenu(android.view.Menu) -> onCreateOptionsMenu
    boolean onOptionsItemSelected(android.view.MenuItem) -> onOptionsItemSelected
    boolean onQueryTextSubmit(java.lang.String) -> onQueryTextSubmit
    boolean onQueryTextChange(java.lang.String) -> onQueryTextChange
    boolean onClose() -> onClose
    magic.yuyong.request.RequestState access$0(magic.yuyong.activity.GetFriendsActivity) -> a
    java.util.List access$1(magic.yuyong.activity.GetFriendsActivity) -> b
    android.view.View access$2(magic.yuyong.activity.GetFriendsActivity) -> c
magic.yuyong.activity.GetFriendsActivity$1 -> magic.yuyong.activity.b:
    magic.yuyong.activity.GetFriendsActivity this$0 -> a
    void handleMessage(android.os.Message) -> handleMessage
magic.yuyong.activity.GetFriendsActivity$2 -> magic.yuyong.activity.c:
    magic.yuyong.activity.GetFriendsActivity this$0 -> a
    void onScrollStateChanged(android.widget.AbsListView,int) -> onScrollStateChanged
    void onScroll(android.widget.AbsListView,int,int,int) -> onScroll
...
com.aviary.android.feather.widget.AviaryNavBarViewFlipper$OnToolbarClickListener -> com.aviary.android.feather.widget.t:
    void onDoneClick() -> s
    void onApplyClick() -> u
com.aviary.android.feather.widget.AviarySeekBar -> com.aviary.android.feather.widget.AviarySeekBar:
    android.graphics.drawable.Drawable mSecondary -> a
    android.graphics.drawable.Drawable mSecondaryInverted -> b
    android.graphics.drawable.Drawable mSecondaryCenter -> c
    int mSecondaryMinWidth -> d
    int mSecondaryMinHeight -> e
    double mSecondaryCenterOffset -> f
    int mBackgroundOffset -> g
    int mRealWidth -> h
    android.graphics.drawable.Drawable mCurrentDrawable -> i
    void drawableStateChanged() -> drawableStateChanged
    void onSizeChanged(int,int,int,int) -> onSizeChanged
    void onDraw(android.graphics.Canvas) -> onDraw
com.aviary.android.feather.widget.AviaryTextView -> com.aviary.android.feather.widget.AviaryTextView:
    void setTypeface(java.lang.String) -> setTypeface
    void setTextAppearance(android.content.Context,int) -> setTextAppearance
com.aviary.android.feather.widget.AviaryToast -> com.aviary.android.feather.widget.u:
    java.lang.String LOG_TAG -> a
    android.content.Context mContext -> b
    android.view.WindowManager mWindowManager -> c
    android.view.View mNextView -> d
    android.view.View mView -> e
    int mDuration -> f
    int mGravity -> g
    int mX -> h
    int mY -> i
    com.aviary.android.feather.widget.AviaryToast$TN mTN -> j
    float mHorizontalMargin -> k
    float mVerticalMargin -> l
    android.os.Handler mHandler -> m
    com.aviary.android.feather.widget.AviaryToast$LayoutListener mLayoutListener -> n
    void show() -> a
    void hide() -> b
    com.aviary.android.feather.widget.AviaryToast make(android.content.Context,int,int) -> a
    com.aviary.android.feather.widget.AviaryToast$LayoutListener access$0(com.aviary.android.feather.widget.AviaryToast) -> a
com.aviary.android.feather.widget.AviaryToast$LayoutListener -> com.aviary.android.feather.widget.v:
    void onShown(android.view.View) -> a
    void onHidden() -> a
com.aviary.android.feather.widget.AviaryToast$TN -> com.aviary.android.feather.widget.w:
    java.lang.Runnable mShow -> a
    java.lang.Runnable mHide -> b
    android.view.WindowManager$LayoutParams mParams -> c
    android.view.WindowManager mWm -> d
    com.aviary.android.feather.widget.AviaryToast this$0 -> e
    void show() -> a
    void hide() -> b
    void handleShow() -> c
    void handleHide() -> d
    void removeView() -> e
com.aviary.android.feather.widget.AviaryToast$TN$1 -> com.aviary.android.feather.widget.AviaryToast$TN$1:
    com.aviary.android.feather.widget.AviaryToast$TN this$1 -> a
    void run() -> run
com.aviary.android.feather.widget.AviaryToast$TN$2 -> com.aviary.android.feather.widget.AviaryToast$TN$2:
    com.aviary.android.feather.widget.AviaryToast$TN this$1 -> a
    void run() -> run