proguard/usage.txt
magic.yuyong.BuildConfig
magic.yuyong.R:
    10:10:public R()
magic.yuyong.R$anim
magic.yuyong.R$array
magic.yuyong.R$attr
magic.yuyong.R$bool
magic.yuyong.R$color
magic.yuyong.R$dimen
magic.yuyong.R$drawable
magic.yuyong.R$id
magic.yuyong.R$integer
magic.yuyong.R$layout
magic.yuyong.R$menu
magic.yuyong.R$raw
magic.yuyong.R$string
magic.yuyong.R$style
magic.yuyong.R$styleable:
    3398:3398:public R$styleable()
magic.yuyong.activity.CacheBoardActivity
magic.yuyong.activity.CacheBoardActivity$1
magic.yuyong.activity.ChannelActivity
magic.yuyong.activity.ChannelActivity$1
magic.yuyong.activity.ChannelActivity$2
magic.yuyong.activity.GetFriendsActivity$4:
    167:167:public void onIOException(java.io.IOException)
magic.yuyong.activity.GetFriendsActivity$5:
    205:205:public void onIOException(java.io.IOException)
magic.yuyong.activity.GetTwitterActivity$TwitterRequestListener:
    40:40:public void onIOException(java.io.IOException)
magic.yuyong.activity.MainActivity$1:
    114:114:public void onIOException(java.io.IOException)
magic.yuyong.activity.NewPostActivity:
    private static final int GET_FRIENDS_REQUEST
    private static final int GET_PIC
    public static final int PHOTOGRAPH
    public static final int PREPARE_PIC
    375:387:private void savePic(java.lang.String)
    494:494:public void onIOException(java.io.IOException)
magic.yuyong.activity.NewPostActivity$6:
    1:375:NewPostActivity$6(magic.yuyong.activity.NewPostActivity,java.lang.String)
magic.yuyong.activity.NewPostActivity$7:
    468:468:public void onIOException(java.io.IOException)
magic.yuyong.activity.ProfileActivity$6:
    301:301:public void onIOException(java.io.IOException)
magic.yuyong.activity.ProfileActivity$7:
    320:320:public void onIOException(java.io.IOException)
magic.yuyong.activity.ProfileActivity$8:
    344:345:public void onIOException(java.io.IOException)
magic.yuyong.activity.ShowFriendsActivity:
    public static final int VIEW_FOLLOWER
    public static final int VIEW_FOLLOWING
magic.yuyong.activity.ShowFriendsActivity$3:
    138:138:public void onIOException(java.io.IOException)
magic.yuyong.activity.ShowFriendsActivity$4:
    164:164:public void onIOException(java.io.IOException)
magic.yuyong.activity.ShowFriendsActivity$5:
    213:213:public void onIOException(java.io.IOException)
magic.yuyong.activity.ShowFriendsActivity$FriendRequestState:
    57:59:public ShowFriendsActivity$FriendRequestState(magic.yuyong.activity.ShowFriendsActivity)
magic.yuyong.activity.ShowPic:
    static final int NONE
    static final int DRAG
    static final int ZOOM
magic.yuyong.activity.ShowPic$SlipThread:
    private static final int DECAY
magic.yuyong.activity.TimeLineModeActivity:
    public static final int VIEW_BILATERAL
    public static final int VIEW_HOME
    public static final int VIEW_AT_ME
    public static final int VIEW_COMMENT
magic.yuyong.activity.TimeLineModeActivity$3:
    116:117:public void onIOException(java.io.IOException)
magic.yuyong.activity.TimeLineModeActivity$4:
    416:416:public void onIOException(java.io.IOException)
magic.yuyong.activity.TimeLineModeActivity$8:
    697:697:public void onIOException(java.io.IOException)
magic.yuyong.activity.TwitterBoardActivity:
    private static final int STATE_HOME
    private static final int STATE_AT_ME
    private static final int STATE_GROUP
magic.yuyong.activity.TwitterBoardActivity$4:
    323:324:public void onIOException(java.io.IOException)
magic.yuyong.activity.TwitterBoardActivity$5:
    452:452:public void onIOException(java.io.IOException)
magic.yuyong.activity.TwitterShowActivity$10:
    546:546:public void onIOException(java.io.IOException)
magic.yuyong.activity.TwitterShowActivity$13:
    676:676:public void onIOException(java.io.IOException)
magic.yuyong.activity.TwitterShowActivity$14:
    699:699:public void onIOException(java.io.IOException)
magic.yuyong.activity.TwitterShowActivity$5:
    375:375:public void onIOException(java.io.IOException)
...
android.support.v4.app.ShareCompat$ShareCompatImplJB
android.support.v4.app.ShareCompatICS
android.support.v4.app.ShareCompatJB
android.support.v4.app.TaskStackBuilder
android.support.v4.app.TaskStackBuilder$TaskStackBuilderImpl
android.support.v4.app.TaskStackBuilder$TaskStackBuilderImplBase
android.support.v4.app.TaskStackBuilder$TaskStackBuilderImplHoneycomb
android.support.v4.app.TaskStackBuilder$TaskStackBuilderImplJellybean
android.support.v4.app.TaskStackBuilderHoneycomb
android.support.v4.app.TaskStackBuilderJellybean
android.support.v4.content.AsyncTaskLoader:
    static final java.lang.String TAG
    static final boolean DEBUG
    92:93:public AsyncTaskLoader(android.content.Context)
    103:107:public void setUpdateThrottle(long)
    111:116:protected void onForceLoad()
    136:166:public boolean cancelLoad()
    public abstract java.lang.Object loadInBackground()
    240:240:protected java.lang.Object onLoadInBackground()
    254:262:public void waitForLoader()
android.support.v4.content.AsyncTaskLoader$LoadTask:
    40:45:AsyncTaskLoader$LoadTask(android.support.v4.content.AsyncTaskLoader)
    51:53:protected varargs java.lang.Object doInBackground(java.lang.Void[])
    40:40:protected bridge synthetic java.lang.Object doInBackground(java.lang.Object[])
    40:40:static synthetic java.util.concurrent.CountDownLatch access$000(android.support.v4.content.AsyncTaskLoader$LoadTask)
android.support.v4.content.ContextCompat
android.support.v4.content.ContextCompatHoneycomb
android.support.v4.content.ContextCompatJellybean
android.support.v4.content.CursorLoader
android.support.v4.content.FileProvider
android.support.v4.content.FileProvider$PathStrategy
android.support.v4.content.FileProvider$SimplePathStrategy
android.support.v4.content.IntentCompat
android.support.v4.content.IntentCompat$IntentCompatImpl
android.support.v4.content.IntentCompat$IntentCompatImplBase
android.support.v4.content.IntentCompat$IntentCompatImplHC
android.support.v4.content.IntentCompat$IntentCompatImplIcsMr1
android.support.v4.content.IntentCompatHoneycomb
android.support.v4.content.IntentCompatIcsMr1
android.support.v4.content.Loader:
    android.content.Context mContext
    90:92:public Loader(android.content.Context)
    111:111:public android.content.Context getContext()
    118:118:public int getId()
    157:157:public boolean isStarted()
    175:175:public boolean isReset()
    217:218:public void forceLoad()
    225:225:protected void onForceLoad()
    261:263:public void abandon()
    275:275:protected void onAbandon()
    312:314:public boolean takeContentChanged()
    326:334:public void onContentChanged()
android.support.v4.content.Loader$ForceLoadContentObserver
android.support.v4.content.LocalBroadcastManager
android.support.v4.content.LocalBroadcastManager$1
android.support.v4.content.LocalBroadcastManager$BroadcastRecord
android.support.v4.content.LocalBroadcastManager$ReceiverRecord